<?xml version="1.0" encoding="UTF-8"?>
<!-- Generated by org.testng.reporters.JUnitReportReporter -->
<testsuite skipped="0" hostname="PUNINL000097" name="TestCases.Login" tests="2" failures="0" timestamp="2021-02-08T17:25:54 IST" time="50.003" errors="0">
  <testcase name="subredditValidatio" time="35.749" classname="TestCases.Login"/>
  <testcase name="login" time="14.254" classname="TestCases.Login"/>
</testsuite> <!-- TestCases.Login -->
