<?xml version="1.0" encoding="UTF-8"?>
<!-- Generated by org.testng.reporters.JUnitReportReporter -->
<testsuite skipped="0" hostname="PUNINL000097" name="TestCases.Bookingpage" tests="1" failures="0" timestamp="2021-01-31T15:27:27 IST" time="23.084" errors="0">
  <testcase name="login" time="23.084" classname="TestCases.Bookingpage"/>
</testsuite> <!-- TestCases.Bookingpage -->
