<?xml version="1.0" encoding="UTF-8"?>
<!-- Generated by org.testng.reporters.JUnitReportReporter -->
<testsuite hostname="PUNINL000097" name="TestCases.Login" tests="2" failures="0" timestamp="6 Feb 2021 07:19:42 GMT" time="31.026" errors="0">
  <testcase name="login" time="14.419" classname="TestCases.Login"/>
  <testcase name="subredditValidatio" time="16.607" classname="TestCases.Login"/>
</testsuite> <!-- TestCases.Login -->
